c:\users\nalyr\source\repos\mco2 symphonic journey\x64\release\vc143.pdb
c:\users\nalyr\source\repos\mco2 symphonic journey\x64\release\wall.obj
c:\users\nalyr\source\repos\mco2 symphonic journey\x64\release\main.obj
c:\users\nalyr\source\repos\mco2 symphonic journey\x64\release\notes.obj
c:\users\nalyr\source\repos\mco2 symphonic journey\x64\release\levelone.obj
c:\users\nalyr\source\repos\mco2 symphonic journey\x64\release\level.obj
c:\users\nalyr\source\repos\mco2 symphonic journey\x64\release\fullnote.obj
c:\users\nalyr\source\repos\mco2 symphonic journey\x64\release\halfnote.obj
c:\users\nalyr\source\repos\mco2 symphonic journey\x64\release\collidable.obj
c:\users\nalyr\source\repos\mco2 symphonic journey\x64\release\quarternote.obj
c:\users\nalyr\source\repos\mco2 symphonic journey\x64\release\leveltwo.obj
c:\users\nalyr\source\repos\mco2 symphonic journey\x64\release\levelthree.obj
c:\users\nalyr\source\repos\mco2 symphonic journey\x64\release\levelfour.obj
c:\users\nalyr\source\repos\mco2 symphonic journey\x64\release\border.obj
c:\users\nalyr\source\repos\mco2 symphonic journey\x64\release\mco2 symphonic journey.ipdb
c:\users\nalyr\source\repos\mco2 symphonic journey\x64\release\mco2 symphonic journey.iobj
c:\users\nalyr\source\repos\mco2 symphonic journey\x64\release\mco2 symphonic journey.exe
c:\users\nalyr\source\repos\mco2 symphonic journey\x64\release\mco2 symphonic journey.pdb
c:\users\nalyr\source\repos\mco2 symphonic journey\x64\release\mco2 sym.fa8f9955.tlog\cl.command.1.tlog
c:\users\nalyr\source\repos\mco2 symphonic journey\x64\release\mco2 sym.fa8f9955.tlog\cl.items.tlog
c:\users\nalyr\source\repos\mco2 symphonic journey\x64\release\mco2 sym.fa8f9955.tlog\cl.read.1.tlog
c:\users\nalyr\source\repos\mco2 symphonic journey\x64\release\mco2 sym.fa8f9955.tlog\cl.write.1.tlog
c:\users\nalyr\source\repos\mco2 symphonic journey\x64\release\mco2 sym.fa8f9955.tlog\link.command.1.tlog
c:\users\nalyr\source\repos\mco2 symphonic journey\x64\release\mco2 sym.fa8f9955.tlog\link.read.1.tlog
c:\users\nalyr\source\repos\mco2 symphonic journey\x64\release\mco2 sym.fa8f9955.tlog\link.write.1.tlog
c:\users\nalyr\source\repos\mco2 symphonic journey\x64\release\mco2 sym.fa8f9955.tlog\link.write.2u.tlog
